{"/Users/mohanasowdesh/Desktop/Node JS Training/Exercise 7/controllers/userController/login.controller.js": {"path":"/Users/mohanasowdesh/Desktop/Node JS Training/Exercise 7/controllers/userController/login.controller.js","statementMap":{"0":{"start":{"line":1,"column":19},"end":{"line":1,"column":54}},"1":{"start":{"line":2,"column":22},"end":{"line":2,"column":39}},"2":{"start":{"line":3,"column":32},"end":{"line":3,"column":61}},"3":{"start":{"line":4,"column":16},"end":{"line":4,"column":68}},"4":{"start":{"line":5,"column":18},"end":{"line":5,"column":52}},"5":{"start":{"line":6,"column":20},"end":{"line":6,"column":54}},"6":{"start":{"line":7,"column":13},"end":{"line":7,"column":46}},"7":{"start":{"line":15,"column":24},"end":{"line":50,"column":1}},"8":{"start":{"line":16,"column":4},"end":{"line":25,"column":5}},"9":{"start":{"line":18,"column":8},"end":{"line":18,"column":68}},"10":{"start":{"line":19,"column":8},"end":{"line":19,"column":49}},"11":{"start":{"line":22,"column":8},"end":{"line":22,"column":137}},"12":{"start":{"line":23,"column":8},"end":{"line":23,"column":127}},"13":{"start":{"line":24,"column":8},"end":{"line":24,"column":48}},"14":{"start":{"line":28,"column":19},"end":{"line":28,"column":36}},"15":{"start":{"line":29,"column":19},"end":{"line":29,"column":36}},"16":{"start":{"line":31,"column":4},"end":{"line":49,"column":5}},"17":{"start":{"line":33,"column":8},"end":{"line":33,"column":61}},"18":{"start":{"line":34,"column":8},"end":{"line":34,"column":65}},"19":{"start":{"line":35,"column":8},"end":{"line":35,"column":57}},"20":{"start":{"line":36,"column":8},"end":{"line":41,"column":9}},"21":{"start":{"line":37,"column":12},"end":{"line":37,"column":113}},"22":{"start":{"line":40,"column":12},"end":{"line":40,"column":69}},"23":{"start":{"line":42,"column":8},"end":{"line":42,"column":48}},"24":{"start":{"line":46,"column":8},"end":{"line":46,"column":137}},"25":{"start":{"line":47,"column":8},"end":{"line":47,"column":127}},"26":{"start":{"line":48,"column":8},"end":{"line":48,"column":48}},"27":{"start":{"line":52,"column":0},"end":{"line":52,"column":35}}},"fnMap":{"0":{"name":"(anonymous_0)","decl":{"start":{"line":15,"column":24},"end":{"line":15,"column":25}},"loc":{"start":{"line":15,"column":43},"end":{"line":50,"column":1}},"line":15}},"branchMap":{"0":{"loc":{"start":{"line":22,"column":27},"end":{"line":22,"column":44}},"type":"binary-expr","locations":[{"start":{"line":22,"column":27},"end":{"line":22,"column":37}},{"start":{"line":22,"column":41},"end":{"line":22,"column":44}}],"line":22},"1":{"loc":{"start":{"line":36,"column":8},"end":{"line":41,"column":9}},"type":"if","locations":[{"start":{"line":36,"column":8},"end":{"line":41,"column":9}},{"start":{"line":39,"column":13},"end":{"line":41,"column":9}}],"line":36},"2":{"loc":{"start":{"line":46,"column":27},"end":{"line":46,"column":44}},"type":"binary-expr","locations":[{"start":{"line":46,"column":27},"end":{"line":46,"column":37}},{"start":{"line":46,"column":41},"end":{"line":46,"column":44}}],"line":46}},"s":{"0":1,"1":1,"2":1,"3":1,"4":1,"5":1,"6":1,"7":1,"8":0,"9":0,"10":0,"11":0,"12":0,"13":0,"14":0,"15":0,"16":0,"17":0,"18":0,"19":0,"20":0,"21":0,"22":0,"23":0,"24":0,"25":0,"26":0,"27":1},"f":{"0":0},"b":{"0":[0,0],"1":[0,0],"2":[0,0]},"_coverageSchema":"1a1c01bbd47fc00a2c39e90264f33305004495a9","hash":"3a7547b52a42ff54a78019946d3675c907b878a5"}
,"/Users/mohanasowdesh/Desktop/Node JS Training/Exercise 7/controllers/userController/register.controller.js": {"path":"/Users/mohanasowdesh/Desktop/Node JS Training/Exercise 7/controllers/userController/register.controller.js","statementMap":{"0":{"start":{"line":1,"column":16},"end":{"line":1,"column":71}},"1":{"start":{"line":2,"column":18},"end":{"line":2,"column":52}},"2":{"start":{"line":3,"column":32},"end":{"line":3,"column":61}},"3":{"start":{"line":4,"column":18},"end":{"line":4,"column":50}},"4":{"start":{"line":5,"column":20},"end":{"line":5,"column":54}},"5":{"start":{"line":6,"column":13},"end":{"line":6,"column":46}},"6":{"start":{"line":7,"column":19},"end":{"line":7,"column":54}},"7":{"start":{"line":8,"column":19},"end":{"line":8,"column":54}},"8":{"start":{"line":9,"column":15},"end":{"line":9,"column":32}},"9":{"start":{"line":10,"column":11},"end":{"line":10,"column":16}},"10":{"start":{"line":19,"column":27},"end":{"line":69,"column":1}},"11":{"start":{"line":21,"column":34},"end":{"line":21,"column":80}},"12":{"start":{"line":22,"column":34},"end":{"line":22,"column":80}},"13":{"start":{"line":24,"column":4},"end":{"line":31,"column":5}},"14":{"start":{"line":25,"column":8},"end":{"line":25,"column":117}},"15":{"start":{"line":26,"column":8},"end":{"line":26,"column":47}},"16":{"start":{"line":28,"column":9},"end":{"line":31,"column":5}},"17":{"start":{"line":29,"column":8},"end":{"line":29,"column":117}},"18":{"start":{"line":30,"column":8},"end":{"line":30,"column":47}},"19":{"start":{"line":34,"column":26},"end":{"line":34,"column":87}},"20":{"start":{"line":35,"column":28},"end":{"line":35,"column":83}},"21":{"start":{"line":37,"column":4},"end":{"line":41,"column":5}},"22":{"start":{"line":39,"column":8},"end":{"line":39,"column":120}},"23":{"start":{"line":40,"column":8},"end":{"line":40,"column":47}},"24":{"start":{"line":43,"column":26},"end":{"line":43,"column":50}},"25":{"start":{"line":44,"column":27},"end":{"line":44,"column":78}},"26":{"start":{"line":46,"column":4},"end":{"line":55,"column":5}},"27":{"start":{"line":48,"column":8},"end":{"line":48,"column":64}},"28":{"start":{"line":49,"column":8},"end":{"line":49,"column":60}},"29":{"start":{"line":50,"column":8},"end":{"line":50,"column":60}},"30":{"start":{"line":51,"column":8},"end":{"line":51,"column":20}},"31":{"start":{"line":54,"column":8},"end":{"line":54,"column":83}},"32":{"start":{"line":57,"column":4},"end":{"line":67,"column":5}},"33":{"start":{"line":58,"column":8},"end":{"line":58,"column":87}},"34":{"start":{"line":60,"column":33},"end":{"line":60,"column":100}},"35":{"start":{"line":61,"column":30},"end":{"line":61,"column":58}},"36":{"start":{"line":62,"column":8},"end":{"line":62,"column":46}},"37":{"start":{"line":63,"column":8},"end":{"line":63,"column":92}},"38":{"start":{"line":66,"column":8},"end":{"line":66,"column":131}},"39":{"start":{"line":68,"column":4},"end":{"line":68,"column":43}},"40":{"start":{"line":71,"column":0},"end":{"line":71,"column":38}}},"fnMap":{"0":{"name":"(anonymous_0)","decl":{"start":{"line":19,"column":27},"end":{"line":19,"column":28}},"loc":{"start":{"line":19,"column":47},"end":{"line":69,"column":1}},"line":19}},"branchMap":{"0":{"loc":{"start":{"line":24,"column":4},"end":{"line":31,"column":5}},"type":"if","locations":[{"start":{"line":24,"column":4},"end":{"line":31,"column":5}},{"start":{"line":28,"column":9},"end":{"line":31,"column":5}}],"line":24},"1":{"loc":{"start":{"line":28,"column":9},"end":{"line":31,"column":5}},"type":"if","locations":[{"start":{"line":28,"column":9},"end":{"line":31,"column":5}},{"start":{},"end":{}}],"line":28},"2":{"loc":{"start":{"line":37,"column":4},"end":{"line":41,"column":5}},"type":"if","locations":[{"start":{"line":37,"column":4},"end":{"line":41,"column":5}},{"start":{},"end":{}}],"line":37},"3":{"loc":{"start":{"line":57,"column":4},"end":{"line":67,"column":5}},"type":"if","locations":[{"start":{"line":57,"column":4},"end":{"line":67,"column":5}},{"start":{"line":65,"column":9},"end":{"line":67,"column":5}}],"line":57}},"s":{"0":1,"1":1,"2":1,"3":1,"4":1,"5":1,"6":1,"7":1,"8":1,"9":1,"10":1,"11":0,"12":0,"13":0,"14":0,"15":0,"16":0,"17":0,"18":0,"19":0,"20":0,"21":0,"22":0,"23":0,"24":0,"25":0,"26":0,"27":0,"28":0,"29":0,"30":0,"31":0,"32":0,"33":0,"34":0,"35":0,"36":0,"37":0,"38":0,"39":0,"40":1},"f":{"0":0},"b":{"0":[0,0],"1":[0,0],"2":[0,0],"3":[0,0]},"_coverageSchema":"1a1c01bbd47fc00a2c39e90264f33305004495a9","hash":"ad1661889e6f6c8c26364765ae6c759d6ac6efa3"}
,"/Users/mohanasowdesh/Desktop/Node JS Training/Exercise 7/helpers/appConstants.js": {"path":"/Users/mohanasowdesh/Desktop/Node JS Training/Exercise 7/helpers/appConstants.js","statementMap":{"0":{"start":{"line":1,"column":14},"end":{"line":1,"column":21}},"1":{"start":{"line":2,"column":35},"end":{"line":2,"column":37}},"2":{"start":{"line":3,"column":21},"end":{"line":3,"column":22}},"3":{"start":{"line":4,"column":23},"end":{"line":4,"column":55}},"4":{"start":{"line":5,"column":25},"end":{"line":5,"column":46}},"5":{"start":{"line":6,"column":24},"end":{"line":6,"column":43}},"6":{"start":{"line":8,"column":0},"end":{"line":9,"column":40}}},"fnMap":{},"branchMap":{},"s":{"0":1,"1":1,"2":1,"3":1,"4":1,"5":1,"6":1},"f":{},"b":{},"_coverageSchema":"1a1c01bbd47fc00a2c39e90264f33305004495a9","hash":"8f5d218c99618fc7e7a5e1ba60ff000ea9458c2a"}
,"/Users/mohanasowdesh/Desktop/Node JS Training/Exercise 7/helpers/constants.js": {"path":"/Users/mohanasowdesh/Desktop/Node JS Training/Exercise 7/helpers/constants.js","statementMap":{"0":{"start":{"line":1,"column":21},"end":{"line":6,"column":1}},"1":{"start":{"line":8,"column":17},"end":{"line":14,"column":1}},"2":{"start":{"line":16,"column":34},"end":{"line":16,"column":57}},"3":{"start":{"line":18,"column":14},"end":{"line":20,"column":1}},"4":{"start":{"line":22,"column":26},"end":{"line":22,"column":62}},"5":{"start":{"line":24,"column":20},"end":{"line":27,"column":1}},"6":{"start":{"line":29,"column":23},"end":{"line":32,"column":1}},"7":{"start":{"line":34,"column":23},"end":{"line":36,"column":1}},"8":{"start":{"line":38,"column":24},"end":{"line":41,"column":1}},"9":{"start":{"line":43,"column":20},"end":{"line":46,"column":1}},"10":{"start":{"line":48,"column":20},"end":{"line":52,"column":1}},"11":{"start":{"line":54,"column":20},"end":{"line":57,"column":1}},"12":{"start":{"line":59,"column":19},"end":{"line":61,"column":1}},"13":{"start":{"line":63,"column":18},"end":{"line":65,"column":1}},"14":{"start":{"line":67,"column":0},"end":{"line":69,"column":41}}},"fnMap":{},"branchMap":{},"s":{"0":1,"1":1,"2":1,"3":1,"4":1,"5":1,"6":1,"7":1,"8":1,"9":1,"10":1,"11":1,"12":1,"13":1,"14":1},"f":{},"b":{},"_coverageSchema":"1a1c01bbd47fc00a2c39e90264f33305004495a9","hash":"1151fa3e4ad65d6e2c5ec02ee95050d69c23353f"}
,"/Users/mohanasowdesh/Desktop/Node JS Training/Exercise 7/helpers/fileAccess.js": {"path":"/Users/mohanasowdesh/Desktop/Node JS Training/Exercise 7/helpers/fileAccess.js","statementMap":{"0":{"start":{"line":2,"column":9},"end":{"line":2,"column":22}},"1":{"start":{"line":5,"column":19},"end":{"line":8,"column":1}},"2":{"start":{"line":6,"column":19},"end":{"line":6,"column":52}},"3":{"start":{"line":7,"column":4},"end":{"line":7,"column":20}},"4":{"start":{"line":11,"column":18},"end":{"line":13,"column":1}},"5":{"start":{"line":12,"column":4},"end":{"line":12,"column":56}},"6":{"start":{"line":15,"column":0},"end":{"line":15,"column":44}}},"fnMap":{"0":{"name":"(anonymous_0)","decl":{"start":{"line":5,"column":19},"end":{"line":5,"column":20}},"loc":{"start":{"line":5,"column":33},"end":{"line":8,"column":1}},"line":5},"1":{"name":"(anonymous_1)","decl":{"start":{"line":11,"column":18},"end":{"line":11,"column":19}},"loc":{"start":{"line":11,"column":41},"end":{"line":13,"column":1}},"line":11}},"branchMap":{},"s":{"0":1,"1":1,"2":0,"3":0,"4":1,"5":0,"6":1},"f":{"0":0,"1":0},"b":{},"_coverageSchema":"1a1c01bbd47fc00a2c39e90264f33305004495a9","hash":"30b5d537755681d9f4ad0a1fecda58a309d5fa0b"}
,"/Users/mohanasowdesh/Desktop/Node JS Training/Exercise 7/helpers/response.js": {"path":"/Users/mohanasowdesh/Desktop/Node JS Training/Exercise 7/helpers/response.js","statementMap":{"0":{"start":{"line":5,"column":21},"end":{"line":7,"column":1}},"1":{"start":{"line":6,"column":4},"end":{"line":6,"column":45}},"2":{"start":{"line":9,"column":0},"end":{"line":9,"column":33}}},"fnMap":{"0":{"name":"(anonymous_0)","decl":{"start":{"line":5,"column":21},"end":{"line":5,"column":22}},"loc":{"start":{"line":5,"column":40},"end":{"line":7,"column":1}},"line":5}},"branchMap":{},"s":{"0":1,"1":0,"2":1},"f":{"0":0},"b":{},"_coverageSchema":"1a1c01bbd47fc00a2c39e90264f33305004495a9","hash":"7527924730201d6ce43fb0d8e3a271dcdd3ffb4c"}
,"/Users/mohanasowdesh/Desktop/Node JS Training/Exercise 7/helpers/userHelper.js": {"path":"/Users/mohanasowdesh/Desktop/Node JS Training/Exercise 7/helpers/userHelper.js","statementMap":{"0":{"start":{"line":8,"column":19},"end":{"line":16,"column":1}},"1":{"start":{"line":9,"column":4},"end":{"line":9,"column":30}},"2":{"start":{"line":10,"column":4},"end":{"line":14,"column":5}},"3":{"start":{"line":10,"column":14},"end":{"line":10,"column":15}},"4":{"start":{"line":11,"column":8},"end":{"line":13,"column":9}},"5":{"start":{"line":12,"column":12},"end":{"line":12,"column":21}},"6":{"start":{"line":15,"column":4},"end":{"line":15,"column":14}},"7":{"start":{"line":18,"column":0},"end":{"line":18,"column":31}}},"fnMap":{"0":{"name":"(anonymous_0)","decl":{"start":{"line":8,"column":19},"end":{"line":8,"column":20}},"loc":{"start":{"line":8,"column":40},"end":{"line":16,"column":1}},"line":8}},"branchMap":{"0":{"loc":{"start":{"line":11,"column":8},"end":{"line":13,"column":9}},"type":"if","locations":[{"start":{"line":11,"column":8},"end":{"line":13,"column":9}},{"start":{},"end":{}}],"line":11}},"s":{"0":1,"1":0,"2":0,"3":0,"4":0,"5":0,"6":0,"7":1},"f":{"0":0},"b":{"0":[0,0]},"_coverageSchema":"1a1c01bbd47fc00a2c39e90264f33305004495a9","hash":"47ef12e0e1ce1029d537917be6f7d49e7a305d3e"}
,"/Users/mohanasowdesh/Desktop/Node JS Training/Exercise 7/middleware/auth.js": {"path":"/Users/mohanasowdesh/Desktop/Node JS Training/Exercise 7/middleware/auth.js","statementMap":{"0":{"start":{"line":1,"column":12},"end":{"line":1,"column":35}},"1":{"start":{"line":2,"column":0},"end":{"line":2,"column":27}},"2":{"start":{"line":3,"column":20},"end":{"line":3,"column":51}},"3":{"start":{"line":4,"column":18},"end":{"line":4,"column":49}},"4":{"start":{"line":5,"column":13},"end":{"line":5,"column":43}},"5":{"start":{"line":6,"column":22},"end":{"line":6,"column":48}},"6":{"start":{"line":8,"column":20},"end":{"line":23,"column":1}},"7":{"start":{"line":11,"column":4},"end":{"line":22,"column":5}},"8":{"start":{"line":12,"column":8},"end":{"line":12,"column":58}},"9":{"start":{"line":13,"column":8},"end":{"line":16,"column":9}},"10":{"start":{"line":14,"column":12},"end":{"line":14,"column":68}},"11":{"start":{"line":15,"column":12},"end":{"line":15,"column":44}},"12":{"start":{"line":17,"column":8},"end":{"line":17,"column":22}},"13":{"start":{"line":19,"column":8},"end":{"line":19,"column":137}},"14":{"start":{"line":20,"column":8},"end":{"line":20,"column":111}},"15":{"start":{"line":21,"column":8},"end":{"line":21,"column":48}},"16":{"start":{"line":30,"column":20},"end":{"line":33,"column":1}},"17":{"start":{"line":31,"column":18},"end":{"line":31,"column":99}},"18":{"start":{"line":32,"column":4},"end":{"line":32,"column":17}},"19":{"start":{"line":35,"column":0},"end":{"line":35,"column":44}}},"fnMap":{"0":{"name":"(anonymous_0)","decl":{"start":{"line":8,"column":20},"end":{"line":8,"column":21}},"loc":{"start":{"line":8,"column":40},"end":{"line":23,"column":1}},"line":8},"1":{"name":"(anonymous_1)","decl":{"start":{"line":30,"column":20},"end":{"line":30,"column":21}},"loc":{"start":{"line":30,"column":33},"end":{"line":33,"column":1}},"line":30}},"branchMap":{"0":{"loc":{"start":{"line":13,"column":8},"end":{"line":16,"column":9}},"type":"if","locations":[{"start":{"line":13,"column":8},"end":{"line":16,"column":9}},{"start":{},"end":{}}],"line":13},"1":{"loc":{"start":{"line":19,"column":27},"end":{"line":19,"column":44}},"type":"binary-expr","locations":[{"start":{"line":19,"column":27},"end":{"line":19,"column":37}},{"start":{"line":19,"column":41},"end":{"line":19,"column":44}}],"line":19}},"s":{"0":1,"1":1,"2":1,"3":1,"4":1,"5":1,"6":1,"7":0,"8":0,"9":0,"10":0,"11":0,"12":0,"13":0,"14":0,"15":0,"16":1,"17":0,"18":0,"19":1},"f":{"0":0,"1":0},"b":{"0":[0,0],"1":[0,0]},"_coverageSchema":"1a1c01bbd47fc00a2c39e90264f33305004495a9","hash":"4efe6439ccdd57a355e2bea843c98ebd9d511fa9"}
,"/Users/mohanasowdesh/Desktop/Node JS Training/Exercise 7/services/userServices/login.service.js": {"path":"/Users/mohanasowdesh/Desktop/Node JS Training/Exercise 7/services/userServices/login.service.js","statementMap":{"0":{"start":{"line":1,"column":13},"end":{"line":1,"column":45}},"1":{"start":{"line":2,"column":15},"end":{"line":2,"column":32}},"2":{"start":{"line":11,"column":14},"end":{"line":27,"column":1}},"3":{"start":{"line":12,"column":16},"end":{"line":12,"column":25}},"4":{"start":{"line":12,"column":31},"end":{"line":12,"column":32}},"5":{"start":{"line":13,"column":4},"end":{"line":19,"column":5}},"6":{"start":{"line":14,"column":8},"end":{"line":18,"column":9}},"7":{"start":{"line":15,"column":12},"end":{"line":17,"column":13}},"8":{"start":{"line":16,"column":16},"end":{"line":16,"column":51}},"9":{"start":{"line":21,"column":4},"end":{"line":26,"column":5}},"10":{"start":{"line":22,"column":8},"end":{"line":22,"column":21}},"11":{"start":{"line":25,"column":8},"end":{"line":25,"column":18}},"12":{"start":{"line":29,"column":0},"end":{"line":29,"column":25}}},"fnMap":{"0":{"name":"(anonymous_0)","decl":{"start":{"line":11,"column":14},"end":{"line":11,"column":15}},"loc":{"start":{"line":11,"column":53},"end":{"line":27,"column":1}},"line":11}},"branchMap":{"0":{"loc":{"start":{"line":14,"column":8},"end":{"line":18,"column":9}},"type":"if","locations":[{"start":{"line":14,"column":8},"end":{"line":18,"column":9}},{"start":{},"end":{}}],"line":14},"1":{"loc":{"start":{"line":15,"column":12},"end":{"line":17,"column":13}},"type":"if","locations":[{"start":{"line":15,"column":12},"end":{"line":17,"column":13}},{"start":{},"end":{}}],"line":15},"2":{"loc":{"start":{"line":21,"column":4},"end":{"line":26,"column":5}},"type":"if","locations":[{"start":{"line":21,"column":4},"end":{"line":26,"column":5}},{"start":{"line":24,"column":9},"end":{"line":26,"column":5}}],"line":21}},"s":{"0":1,"1":1,"2":1,"3":0,"4":0,"5":0,"6":0,"7":0,"8":0,"9":0,"10":0,"11":0,"12":1},"f":{"0":0},"b":{"0":[0,0],"1":[0,0],"2":[0,0]},"_coverageSchema":"1a1c01bbd47fc00a2c39e90264f33305004495a9","hash":"2312508581ddeb8f88ec5c7eb013dfd1598a2383"}
,"/Users/mohanasowdesh/Desktop/Node JS Training/Exercise 7/services/userServices/register.service.js": {"path":"/Users/mohanasowdesh/Desktop/Node JS Training/Exercise 7/services/userServices/register.service.js","statementMap":{"0":{"start":{"line":1,"column":19},"end":{"line":1,"column":54}},"1":{"start":{"line":2,"column":22},"end":{"line":2,"column":39}},"2":{"start":{"line":3,"column":22},"end":{"line":3,"column":59}},"3":{"start":{"line":4,"column":25},"end":{"line":4,"column":27}},"4":{"start":{"line":12,"column":17},"end":{"line":34,"column":1}},"5":{"start":{"line":13,"column":4},"end":{"line":21,"column":5}},"6":{"start":{"line":15,"column":8},"end":{"line":15,"column":68}},"7":{"start":{"line":16,"column":8},"end":{"line":16,"column":49}},"8":{"start":{"line":19,"column":8},"end":{"line":19,"column":114}},"9":{"start":{"line":20,"column":8},"end":{"line":20,"column":35}},"10":{"start":{"line":24,"column":4},"end":{"line":24,"column":39}},"11":{"start":{"line":26,"column":4},"end":{"line":33,"column":5}},"12":{"start":{"line":28,"column":8},"end":{"line":28,"column":55}},"13":{"start":{"line":31,"column":8},"end":{"line":31,"column":114}},"14":{"start":{"line":32,"column":8},"end":{"line":32,"column":35}},"15":{"start":{"line":36,"column":0},"end":{"line":36,"column":28}}},"fnMap":{"0":{"name":"(anonymous_0)","decl":{"start":{"line":12,"column":17},"end":{"line":12,"column":18}},"loc":{"start":{"line":12,"column":41},"end":{"line":34,"column":1}},"line":12}},"branchMap":{"0":{"loc":{"start":{"line":19,"column":27},"end":{"line":19,"column":44}},"type":"binary-expr","locations":[{"start":{"line":19,"column":27},"end":{"line":19,"column":37}},{"start":{"line":19,"column":41},"end":{"line":19,"column":44}}],"line":19},"1":{"loc":{"start":{"line":31,"column":27},"end":{"line":31,"column":44}},"type":"binary-expr","locations":[{"start":{"line":31,"column":27},"end":{"line":31,"column":37}},{"start":{"line":31,"column":41},"end":{"line":31,"column":44}}],"line":31}},"s":{"0":1,"1":1,"2":1,"3":1,"4":1,"5":0,"6":0,"7":0,"8":0,"9":0,"10":0,"11":0,"12":0,"13":0,"14":0,"15":1},"f":{"0":0},"b":{"0":[0,0],"1":[0,0]},"_coverageSchema":"1a1c01bbd47fc00a2c39e90264f33305004495a9","hash":"5f21f91a4870428072c0f33f2cacca3bc65193b5"}
,"/Users/mohanasowdesh/Desktop/Node JS Training/Exercise 7/utils/logger.js": {"path":"/Users/mohanasowdesh/Desktop/Node JS Training/Exercise 7/utils/logger.js","statementMap":{"0":{"start":{"line":1,"column":45},"end":{"line":1,"column":63}},"1":{"start":{"line":2,"column":0},"end":{"line":2,"column":27}},"2":{"start":{"line":7,"column":18},"end":{"line":17,"column":6}},"3":{"start":{"line":15,"column":34},"end":{"line":15,"column":87}},"4":{"start":{"line":22,"column":19},"end":{"line":32,"column":6}},"5":{"start":{"line":30,"column":34},"end":{"line":30,"column":87}},"6":{"start":{"line":34,"column":4},"end":{"line":34,"column":47}}},"fnMap":{"0":{"name":"(anonymous_0)","decl":{"start":{"line":15,"column":26},"end":{"line":15,"column":27}},"loc":{"start":{"line":15,"column":34},"end":{"line":15,"column":87}},"line":15},"1":{"name":"(anonymous_1)","decl":{"start":{"line":30,"column":26},"end":{"line":30,"column":27}},"loc":{"start":{"line":30,"column":34},"end":{"line":30,"column":87}},"line":30}},"branchMap":{},"s":{"0":1,"1":1,"2":1,"3":0,"4":1,"5":0,"6":1},"f":{"0":0,"1":0},"b":{},"_coverageSchema":"1a1c01bbd47fc00a2c39e90264f33305004495a9","hash":"99f6f58b0f7633e35d7a27aaca3710fa8318244b"}
,"/Users/mohanasowdesh/Desktop/Node JS Training/Exercise 7/utils/responseObj.js": {"path":"/Users/mohanasowdesh/Desktop/Node JS Training/Exercise 7/utils/responseObj.js","statementMap":{"0":{"start":{"line":6,"column":23},"end":{"line":12,"column":1}},"1":{"start":{"line":7,"column":4},"end":{"line":11,"column":5}},"2":{"start":{"line":20,"column":21},"end":{"line":26,"column":1}},"3":{"start":{"line":21,"column":4},"end":{"line":25,"column":5}},"4":{"start":{"line":28,"column":0},"end":{"line":28,"column":49}}},"fnMap":{"0":{"name":"(anonymous_0)","decl":{"start":{"line":6,"column":23},"end":{"line":6,"column":24}},"loc":{"start":{"line":6,"column":33},"end":{"line":12,"column":1}},"line":6},"1":{"name":"(anonymous_1)","decl":{"start":{"line":20,"column":21},"end":{"line":20,"column":22}},"loc":{"start":{"line":20,"column":36},"end":{"line":26,"column":1}},"line":20}},"branchMap":{},"s":{"0":1,"1":0,"2":1,"3":0,"4":1},"f":{"0":0,"1":0},"b":{},"_coverageSchema":"1a1c01bbd47fc00a2c39e90264f33305004495a9","hash":"48cc8f6856d6d14ccfda0ad5f6621b86bcce4308"}
,"/Users/mohanasowdesh/Desktop/Node JS Training/Exercise 7/utils/validator.js": {"path":"/Users/mohanasowdesh/Desktop/Node JS Training/Exercise 7/utils/validator.js","statementMap":{"0":{"start":{"line":1,"column":18},"end":{"line":1,"column":49}},"1":{"start":{"line":2,"column":22},"end":{"line":2,"column":56}},"2":{"start":{"line":9,"column":26},"end":{"line":13,"column":1}},"3":{"start":{"line":10,"column":4},"end":{"line":11,"column":21}},"4":{"start":{"line":11,"column":8},"end":{"line":11,"column":21}},"5":{"start":{"line":12,"column":4},"end":{"line":12,"column":16}},"6":{"start":{"line":20,"column":26},"end":{"line":24,"column":1}},"7":{"start":{"line":21,"column":4},"end":{"line":22,"column":21}},"8":{"start":{"line":22,"column":8},"end":{"line":22,"column":21}},"9":{"start":{"line":23,"column":4},"end":{"line":23,"column":16}},"10":{"start":{"line":26,"column":28},"end":{"line":47,"column":1}},"11":{"start":{"line":49,"column":36},"end":{"line":58,"column":1}},"12":{"start":{"line":65,"column":22},"end":{"line":110,"column":1}},"13":{"start":{"line":66,"column":24},"end":{"line":66,"column":60}},"14":{"start":{"line":67,"column":27},"end":{"line":67,"column":69}},"15":{"start":{"line":68,"column":18},"end":{"line":68,"column":30}},"16":{"start":{"line":69,"column":17},"end":{"line":69,"column":44}},"17":{"start":{"line":71,"column":4},"end":{"line":83,"column":5}},"18":{"start":{"line":71,"column":14},"end":{"line":71,"column":15}},"19":{"start":{"line":72,"column":8},"end":{"line":82,"column":9}},"20":{"start":{"line":74,"column":12},"end":{"line":74,"column":35}},"21":{"start":{"line":75,"column":12},"end":{"line":75,"column":77}},"22":{"start":{"line":76,"column":12},"end":{"line":76,"column":41}},"23":{"start":{"line":78,"column":13},"end":{"line":82,"column":9}},"24":{"start":{"line":79,"column":12},"end":{"line":79,"column":35}},"25":{"start":{"line":80,"column":12},"end":{"line":80,"column":80}},"26":{"start":{"line":81,"column":12},"end":{"line":81,"column":41}},"27":{"start":{"line":86,"column":4},"end":{"line":108,"column":5}},"28":{"start":{"line":88,"column":8},"end":{"line":88,"column":31}},"29":{"start":{"line":89,"column":8},"end":{"line":89,"column":60}},"30":{"start":{"line":90,"column":8},"end":{"line":90,"column":37}},"31":{"start":{"line":92,"column":9},"end":{"line":108,"column":5}},"32":{"start":{"line":93,"column":8},"end":{"line":107,"column":9}},"33":{"start":{"line":93,"column":18},"end":{"line":93,"column":19}},"34":{"start":{"line":94,"column":12},"end":{"line":106,"column":13}},"35":{"start":{"line":94,"column":22},"end":{"line":94,"column":23}},"36":{"start":{"line":95,"column":16},"end":{"line":105,"column":17}},"37":{"start":{"line":97,"column":20},"end":{"line":97,"column":43}},"38":{"start":{"line":98,"column":20},"end":{"line":98,"column":93}},"39":{"start":{"line":99,"column":20},"end":{"line":99,"column":49}},"40":{"start":{"line":101,"column":21},"end":{"line":105,"column":17}},"41":{"start":{"line":102,"column":20},"end":{"line":102,"column":43}},"42":{"start":{"line":103,"column":20},"end":{"line":103,"column":96}},"43":{"start":{"line":104,"column":20},"end":{"line":104,"column":49}},"44":{"start":{"line":109,"column":4},"end":{"line":109,"column":18}},"45":{"start":{"line":117,"column":24},"end":{"line":121,"column":1}},"46":{"start":{"line":118,"column":4},"end":{"line":119,"column":20}},"47":{"start":{"line":119,"column":8},"end":{"line":119,"column":20}},"48":{"start":{"line":120,"column":4},"end":{"line":120,"column":17}},"49":{"start":{"line":128,"column":28},"end":{"line":147,"column":1}},"50":{"start":{"line":129,"column":17},"end":{"line":129,"column":44}},"51":{"start":{"line":130,"column":24},"end":{"line":130,"column":60}},"52":{"start":{"line":131,"column":18},"end":{"line":131,"column":30}},"53":{"start":{"line":132,"column":25},"end":{"line":132,"column":55}},"54":{"start":{"line":134,"column":4},"end":{"line":140,"column":5}},"55":{"start":{"line":134,"column":14},"end":{"line":134,"column":15}},"56":{"start":{"line":135,"column":8},"end":{"line":139,"column":9}},"57":{"start":{"line":136,"column":12},"end":{"line":136,"column":32}},"58":{"start":{"line":137,"column":12},"end":{"line":137,"column":68}},"59":{"start":{"line":138,"column":12},"end":{"line":138,"column":41}},"60":{"start":{"line":142,"column":4},"end":{"line":145,"column":5}},"61":{"start":{"line":143,"column":8},"end":{"line":143,"column":28}},"62":{"start":{"line":144,"column":8},"end":{"line":144,"column":70}},"63":{"start":{"line":146,"column":4},"end":{"line":146,"column":18}},"64":{"start":{"line":153,"column":31},"end":{"line":173,"column":1}},"65":{"start":{"line":154,"column":17},"end":{"line":154,"column":44}},"66":{"start":{"line":155,"column":24},"end":{"line":155,"column":60}},"67":{"start":{"line":156,"column":27},"end":{"line":156,"column":64}},"68":{"start":{"line":157,"column":18},"end":{"line":157,"column":30}},"69":{"start":{"line":158,"column":25},"end":{"line":158,"column":54}},"70":{"start":{"line":160,"column":4},"end":{"line":171,"column":5}},"71":{"start":{"line":160,"column":14},"end":{"line":160,"column":15}},"72":{"start":{"line":161,"column":8},"end":{"line":170,"column":9}},"73":{"start":{"line":162,"column":12},"end":{"line":162,"column":32}},"74":{"start":{"line":163,"column":12},"end":{"line":163,"column":68}},"75":{"start":{"line":164,"column":12},"end":{"line":164,"column":41}},"76":{"start":{"line":166,"column":13},"end":{"line":170,"column":9}},"77":{"start":{"line":167,"column":12},"end":{"line":167,"column":32}},"78":{"start":{"line":168,"column":12},"end":{"line":168,"column":71}},"79":{"start":{"line":169,"column":12},"end":{"line":169,"column":41}},"80":{"start":{"line":172,"column":4},"end":{"line":172,"column":18}},"81":{"start":{"line":180,"column":27},"end":{"line":186,"column":1}},"82":{"start":{"line":181,"column":4},"end":{"line":184,"column":5}},"83":{"start":{"line":182,"column":8},"end":{"line":182,"column":38}},"84":{"start":{"line":183,"column":8},"end":{"line":183,"column":86}},"85":{"start":{"line":185,"column":4},"end":{"line":185,"column":28}},"86":{"start":{"line":188,"column":0},"end":{"line":189,"column":69}}},"fnMap":{"0":{"name":"(anonymous_0)","decl":{"start":{"line":9,"column":26},"end":{"line":9,"column":27}},"loc":{"start":{"line":9,"column":40},"end":{"line":13,"column":1}},"line":9},"1":{"name":"(anonymous_1)","decl":{"start":{"line":20,"column":26},"end":{"line":20,"column":27}},"loc":{"start":{"line":20,"column":40},"end":{"line":24,"column":1}},"line":20},"2":{"name":"(anonymous_2)","decl":{"start":{"line":65,"column":22},"end":{"line":65,"column":23}},"loc":{"start":{"line":65,"column":32},"end":{"line":110,"column":1}},"line":65},"3":{"name":"(anonymous_3)","decl":{"start":{"line":117,"column":24},"end":{"line":117,"column":25}},"loc":{"start":{"line":117,"column":36},"end":{"line":121,"column":1}},"line":117},"4":{"name":"(anonymous_4)","decl":{"start":{"line":128,"column":28},"end":{"line":128,"column":29}},"loc":{"start":{"line":128,"column":45},"end":{"line":147,"column":1}},"line":128},"5":{"name":"(anonymous_5)","decl":{"start":{"line":153,"column":31},"end":{"line":153,"column":32}},"loc":{"start":{"line":153,"column":48},"end":{"line":173,"column":1}},"line":153},"6":{"name":"(anonymous_6)","decl":{"start":{"line":180,"column":27},"end":{"line":180,"column":28}},"loc":{"start":{"line":180,"column":62},"end":{"line":186,"column":1}},"line":180}},"branchMap":{"0":{"loc":{"start":{"line":10,"column":4},"end":{"line":11,"column":21}},"type":"if","locations":[{"start":{"line":10,"column":4},"end":{"line":11,"column":21}},{"start":{},"end":{}}],"line":10},"1":{"loc":{"start":{"line":21,"column":4},"end":{"line":22,"column":21}},"type":"if","locations":[{"start":{"line":21,"column":4},"end":{"line":22,"column":21}},{"start":{},"end":{}}],"line":21},"2":{"loc":{"start":{"line":72,"column":8},"end":{"line":82,"column":9}},"type":"if","locations":[{"start":{"line":72,"column":8},"end":{"line":82,"column":9}},{"start":{"line":78,"column":13},"end":{"line":82,"column":9}}],"line":72},"3":{"loc":{"start":{"line":78,"column":13},"end":{"line":82,"column":9}},"type":"if","locations":[{"start":{"line":78,"column":13},"end":{"line":82,"column":9}},{"start":{},"end":{}}],"line":78},"4":{"loc":{"start":{"line":86,"column":4},"end":{"line":108,"column":5}},"type":"if","locations":[{"start":{"line":86,"column":4},"end":{"line":108,"column":5}},{"start":{"line":92,"column":9},"end":{"line":108,"column":5}}],"line":86},"5":{"loc":{"start":{"line":92,"column":9},"end":{"line":108,"column":5}},"type":"if","locations":[{"start":{"line":92,"column":9},"end":{"line":108,"column":5}},{"start":{},"end":{}}],"line":92},"6":{"loc":{"start":{"line":95,"column":16},"end":{"line":105,"column":17}},"type":"if","locations":[{"start":{"line":95,"column":16},"end":{"line":105,"column":17}},{"start":{"line":101,"column":21},"end":{"line":105,"column":17}}],"line":95},"7":{"loc":{"start":{"line":101,"column":21},"end":{"line":105,"column":17}},"type":"if","locations":[{"start":{"line":101,"column":21},"end":{"line":105,"column":17}},{"start":{},"end":{}}],"line":101},"8":{"loc":{"start":{"line":118,"column":4},"end":{"line":119,"column":20}},"type":"if","locations":[{"start":{"line":118,"column":4},"end":{"line":119,"column":20}},{"start":{},"end":{}}],"line":118},"9":{"loc":{"start":{"line":135,"column":8},"end":{"line":139,"column":9}},"type":"if","locations":[{"start":{"line":135,"column":8},"end":{"line":139,"column":9}},{"start":{},"end":{}}],"line":135},"10":{"loc":{"start":{"line":142,"column":4},"end":{"line":145,"column":5}},"type":"if","locations":[{"start":{"line":142,"column":4},"end":{"line":145,"column":5}},{"start":{},"end":{}}],"line":142},"11":{"loc":{"start":{"line":161,"column":8},"end":{"line":170,"column":9}},"type":"if","locations":[{"start":{"line":161,"column":8},"end":{"line":170,"column":9}},{"start":{"line":166,"column":13},"end":{"line":170,"column":9}}],"line":161},"12":{"loc":{"start":{"line":166,"column":13},"end":{"line":170,"column":9}},"type":"if","locations":[{"start":{"line":166,"column":13},"end":{"line":170,"column":9}},{"start":{},"end":{}}],"line":166},"13":{"loc":{"start":{"line":166,"column":16},"end":{"line":166,"column":126}},"type":"binary-expr","locations":[{"start":{"line":166,"column":17},"end":{"line":166,"column":76}},{"start":{"line":166,"column":81},"end":{"line":166,"column":126}}],"line":166},"14":{"loc":{"start":{"line":181,"column":4},"end":{"line":184,"column":5}},"type":"if","locations":[{"start":{"line":181,"column":4},"end":{"line":184,"column":5}},{"start":{},"end":{}}],"line":181},"15":{"loc":{"start":{"line":181,"column":9},"end":{"line":181,"column":94}},"type":"binary-expr","locations":[{"start":{"line":181,"column":9},"end":{"line":181,"column":49}},{"start":{"line":181,"column":53},"end":{"line":181,"column":94}}],"line":181}},"s":{"0":1,"1":1,"2":1,"3":0,"4":0,"5":0,"6":1,"7":0,"8":0,"9":0,"10":1,"11":1,"12":1,"13":0,"14":0,"15":0,"16":0,"17":0,"18":0,"19":0,"20":0,"21":0,"22":0,"23":0,"24":0,"25":0,"26":0,"27":0,"28":0,"29":0,"30":0,"31":0,"32":0,"33":0,"34":0,"35":0,"36":0,"37":0,"38":0,"39":0,"40":0,"41":0,"42":0,"43":0,"44":0,"45":1,"46":0,"47":0,"48":0,"49":1,"50":0,"51":0,"52":0,"53":0,"54":0,"55":0,"56":0,"57":0,"58":0,"59":0,"60":0,"61":0,"62":0,"63":0,"64":1,"65":0,"66":0,"67":0,"68":0,"69":0,"70":0,"71":0,"72":0,"73":0,"74":0,"75":0,"76":0,"77":0,"78":0,"79":0,"80":0,"81":1,"82":0,"83":0,"84":0,"85":0,"86":1},"f":{"0":0,"1":0,"2":0,"3":0,"4":0,"5":0,"6":0},"b":{"0":[0,0],"1":[0,0],"2":[0,0],"3":[0,0],"4":[0,0],"5":[0,0],"6":[0,0],"7":[0,0],"8":[0,0],"9":[0,0],"10":[0,0],"11":[0,0],"12":[0,0],"13":[0,0],"14":[0,0],"15":[0,0]},"_coverageSchema":"1a1c01bbd47fc00a2c39e90264f33305004495a9","hash":"6c53939165ffa72d45ed54509031d1dc5152ab48"}
}
