{"/Users/mohanasowdesh/Desktop/Node JS Training/Exercise 7/helpers/appConstants.js": {"path":"/Users/mohanasowdesh/Desktop/Node JS Training/Exercise 7/helpers/appConstants.js","statementMap":{"0":{"start":{"line":1,"column":14},"end":{"line":1,"column":21}},"1":{"start":{"line":2,"column":35},"end":{"line":2,"column":37}},"2":{"start":{"line":3,"column":21},"end":{"line":3,"column":22}},"3":{"start":{"line":4,"column":18},"end":{"line":4,"column":42}},"4":{"start":{"line":5,"column":23},"end":{"line":5,"column":55}},"5":{"start":{"line":6,"column":25},"end":{"line":6,"column":46}},"6":{"start":{"line":7,"column":24},"end":{"line":7,"column":43}},"7":{"start":{"line":9,"column":0},"end":{"line":10,"column":51}}},"fnMap":{},"branchMap":{},"s":{"0":2,"1":2,"2":2,"3":2,"4":2,"5":2,"6":2,"7":2},"f":{},"b":{},"_coverageSchema":"1a1c01bbd47fc00a2c39e90264f33305004495a9","hash":"6d969d2291f77115a7ad9a72a91330bdb7c7fd21"}
,"/Users/mohanasowdesh/Desktop/Node JS Training/Exercise 7/helpers/constants.js": {"path":"/Users/mohanasowdesh/Desktop/Node JS Training/Exercise 7/helpers/constants.js","statementMap":{"0":{"start":{"line":1,"column":21},"end":{"line":7,"column":1}},"1":{"start":{"line":9,"column":17},"end":{"line":15,"column":1}},"2":{"start":{"line":17,"column":34},"end":{"line":17,"column":57}},"3":{"start":{"line":19,"column":14},"end":{"line":21,"column":1}},"4":{"start":{"line":23,"column":26},"end":{"line":23,"column":62}},"5":{"start":{"line":25,"column":20},"end":{"line":28,"column":1}},"6":{"start":{"line":30,"column":23},"end":{"line":33,"column":1}},"7":{"start":{"line":35,"column":23},"end":{"line":37,"column":1}},"8":{"start":{"line":39,"column":24},"end":{"line":42,"column":1}},"9":{"start":{"line":44,"column":20},"end":{"line":47,"column":1}},"10":{"start":{"line":49,"column":20},"end":{"line":53,"column":1}},"11":{"start":{"line":55,"column":20},"end":{"line":58,"column":1}},"12":{"start":{"line":60,"column":19},"end":{"line":62,"column":1}},"13":{"start":{"line":64,"column":18},"end":{"line":66,"column":1}},"14":{"start":{"line":68,"column":0},"end":{"line":70,"column":41}}},"fnMap":{},"branchMap":{},"s":{"0":4,"1":4,"2":4,"3":4,"4":4,"5":4,"6":4,"7":4,"8":4,"9":4,"10":4,"11":4,"12":4,"13":4,"14":4},"f":{},"b":{},"_coverageSchema":"1a1c01bbd47fc00a2c39e90264f33305004495a9","hash":"7599859f3cb80820e100e089bbc0ed2f7215abec"}
,"/Users/mohanasowdesh/Desktop/Node JS Training/Exercise 7/helpers/fileAccess.js": {"path":"/Users/mohanasowdesh/Desktop/Node JS Training/Exercise 7/helpers/fileAccess.js","statementMap":{"0":{"start":{"line":2,"column":9},"end":{"line":2,"column":22}},"1":{"start":{"line":5,"column":19},"end":{"line":8,"column":1}},"2":{"start":{"line":6,"column":19},"end":{"line":6,"column":52}},"3":{"start":{"line":7,"column":4},"end":{"line":7,"column":20}},"4":{"start":{"line":11,"column":18},"end":{"line":13,"column":1}},"5":{"start":{"line":12,"column":4},"end":{"line":12,"column":56}},"6":{"start":{"line":15,"column":0},"end":{"line":15,"column":44}}},"fnMap":{"0":{"name":"(anonymous_0)","decl":{"start":{"line":5,"column":19},"end":{"line":5,"column":20}},"loc":{"start":{"line":5,"column":33},"end":{"line":8,"column":1}},"line":5},"1":{"name":"(anonymous_1)","decl":{"start":{"line":11,"column":18},"end":{"line":11,"column":19}},"loc":{"start":{"line":11,"column":41},"end":{"line":13,"column":1}},"line":11}},"branchMap":{},"s":{"0":3,"1":3,"2":0,"3":0,"4":3,"5":0,"6":3},"f":{"0":0,"1":0},"b":{},"_coverageSchema":"1a1c01bbd47fc00a2c39e90264f33305004495a9","hash":"30b5d537755681d9f4ad0a1fecda58a309d5fa0b"}
,"/Users/mohanasowdesh/Desktop/Node JS Training/Exercise 7/helpers/response.js": {"path":"/Users/mohanasowdesh/Desktop/Node JS Training/Exercise 7/helpers/response.js","statementMap":{"0":{"start":{"line":5,"column":21},"end":{"line":7,"column":1}},"1":{"start":{"line":6,"column":4},"end":{"line":6,"column":45}},"2":{"start":{"line":9,"column":0},"end":{"line":9,"column":33}}},"fnMap":{"0":{"name":"(anonymous_0)","decl":{"start":{"line":5,"column":21},"end":{"line":5,"column":22}},"loc":{"start":{"line":5,"column":40},"end":{"line":7,"column":1}},"line":5}},"branchMap":{},"s":{"0":1,"1":0,"2":1},"f":{"0":0},"b":{},"_coverageSchema":"1a1c01bbd47fc00a2c39e90264f33305004495a9","hash":"7527924730201d6ce43fb0d8e3a271dcdd3ffb4c"}
,"/Users/mohanasowdesh/Desktop/Node JS Training/Exercise 7/middleware/auth.js": {"path":"/Users/mohanasowdesh/Desktop/Node JS Training/Exercise 7/middleware/auth.js","statementMap":{"0":{"start":{"line":1,"column":12},"end":{"line":1,"column":35}},"1":{"start":{"line":2,"column":0},"end":{"line":2,"column":27}},"2":{"start":{"line":3,"column":20},"end":{"line":3,"column":51}},"3":{"start":{"line":4,"column":18},"end":{"line":4,"column":49}},"4":{"start":{"line":5,"column":13},"end":{"line":5,"column":43}},"5":{"start":{"line":6,"column":22},"end":{"line":6,"column":48}},"6":{"start":{"line":8,"column":20},"end":{"line":23,"column":1}},"7":{"start":{"line":11,"column":4},"end":{"line":22,"column":5}},"8":{"start":{"line":12,"column":8},"end":{"line":12,"column":58}},"9":{"start":{"line":13,"column":8},"end":{"line":16,"column":9}},"10":{"start":{"line":14,"column":12},"end":{"line":14,"column":68}},"11":{"start":{"line":15,"column":12},"end":{"line":15,"column":44}},"12":{"start":{"line":17,"column":8},"end":{"line":17,"column":22}},"13":{"start":{"line":19,"column":8},"end":{"line":19,"column":137}},"14":{"start":{"line":20,"column":8},"end":{"line":20,"column":111}},"15":{"start":{"line":21,"column":8},"end":{"line":21,"column":48}},"16":{"start":{"line":30,"column":20},"end":{"line":33,"column":1}},"17":{"start":{"line":31,"column":18},"end":{"line":31,"column":99}},"18":{"start":{"line":32,"column":4},"end":{"line":32,"column":17}},"19":{"start":{"line":35,"column":0},"end":{"line":35,"column":44}}},"fnMap":{"0":{"name":"(anonymous_0)","decl":{"start":{"line":8,"column":20},"end":{"line":8,"column":21}},"loc":{"start":{"line":8,"column":40},"end":{"line":23,"column":1}},"line":8},"1":{"name":"(anonymous_1)","decl":{"start":{"line":30,"column":20},"end":{"line":30,"column":21}},"loc":{"start":{"line":30,"column":33},"end":{"line":33,"column":1}},"line":30}},"branchMap":{"0":{"loc":{"start":{"line":13,"column":8},"end":{"line":16,"column":9}},"type":"if","locations":[{"start":{"line":13,"column":8},"end":{"line":16,"column":9}},{"start":{},"end":{}}],"line":13},"1":{"loc":{"start":{"line":19,"column":27},"end":{"line":19,"column":44}},"type":"binary-expr","locations":[{"start":{"line":19,"column":27},"end":{"line":19,"column":37}},{"start":{"line":19,"column":41},"end":{"line":19,"column":44}}],"line":19}},"s":{"0":1,"1":1,"2":1,"3":1,"4":1,"5":1,"6":1,"7":0,"8":0,"9":0,"10":0,"11":0,"12":0,"13":0,"14":0,"15":0,"16":1,"17":0,"18":0,"19":1},"f":{"0":0,"1":0},"b":{"0":[0,0],"1":[0,0]},"_coverageSchema":"1a1c01bbd47fc00a2c39e90264f33305004495a9","hash":"4efe6439ccdd57a355e2bea843c98ebd9d511fa9"}
,"/Users/mohanasowdesh/Desktop/Node JS Training/Exercise 7/services/taskServices/deleteTask.service.js": {"path":"/Users/mohanasowdesh/Desktop/Node JS Training/Exercise 7/services/taskServices/deleteTask.service.js","statementMap":{"0":{"start":{"line":1,"column":20},"end":{"line":1,"column":49}},"1":{"start":{"line":2,"column":19},"end":{"line":2,"column":54}},"2":{"start":{"line":3,"column":20},"end":{"line":3,"column":44}},"3":{"start":{"line":11,"column":19},"end":{"line":38,"column":1}},"4":{"start":{"line":12,"column":4},"end":{"line":21,"column":5}},"5":{"start":{"line":14,"column":8},"end":{"line":14,"column":80}},"6":{"start":{"line":15,"column":8},"end":{"line":15,"column":50}},"7":{"start":{"line":16,"column":8},"end":{"line":16,"column":43}},"8":{"start":{"line":19,"column":8},"end":{"line":19,"column":114}},"9":{"start":{"line":20,"column":8},"end":{"line":20,"column":18}},"10":{"start":{"line":23,"column":4},"end":{"line":36,"column":5}},"11":{"start":{"line":23,"column":14},"end":{"line":23,"column":15}},"12":{"start":{"line":24,"column":8},"end":{"line":35,"column":9}},"13":{"start":{"line":25,"column":12},"end":{"line":25,"column":35}},"14":{"start":{"line":26,"column":12},"end":{"line":26,"column":47}},"15":{"start":{"line":27,"column":12},"end":{"line":33,"column":13}},"16":{"start":{"line":28,"column":16},"end":{"line":28,"column":78}},"17":{"start":{"line":31,"column":16},"end":{"line":31,"column":122}},"18":{"start":{"line":32,"column":16},"end":{"line":32,"column":26}},"19":{"start":{"line":34,"column":12},"end":{"line":34,"column":21}},"20":{"start":{"line":37,"column":4},"end":{"line":37,"column":14}},"21":{"start":{"line":40,"column":0},"end":{"line":40,"column":30}}},"fnMap":{"0":{"name":"(anonymous_0)","decl":{"start":{"line":11,"column":19},"end":{"line":11,"column":20}},"loc":{"start":{"line":11,"column":45},"end":{"line":38,"column":1}},"line":11}},"branchMap":{"0":{"loc":{"start":{"line":19,"column":27},"end":{"line":19,"column":44}},"type":"binary-expr","locations":[{"start":{"line":19,"column":27},"end":{"line":19,"column":37}},{"start":{"line":19,"column":41},"end":{"line":19,"column":44}}],"line":19},"1":{"loc":{"start":{"line":24,"column":8},"end":{"line":35,"column":9}},"type":"if","locations":[{"start":{"line":24,"column":8},"end":{"line":35,"column":9}},{"start":{},"end":{}}],"line":24},"2":{"loc":{"start":{"line":31,"column":35},"end":{"line":31,"column":52}},"type":"binary-expr","locations":[{"start":{"line":31,"column":35},"end":{"line":31,"column":45}},{"start":{"line":31,"column":49},"end":{"line":31,"column":52}}],"line":31}},"s":{"0":1,"1":1,"2":1,"3":1,"4":0,"5":0,"6":0,"7":0,"8":0,"9":0,"10":0,"11":0,"12":0,"13":0,"14":0,"15":0,"16":0,"17":0,"18":0,"19":0,"20":0,"21":1},"f":{"0":0},"b":{"0":[0,0],"1":[0,0],"2":[0,0]},"_coverageSchema":"1a1c01bbd47fc00a2c39e90264f33305004495a9","hash":"932afa85780bdc0c14e3c4754f8f7ce8d22c4f9b"}
,"/Users/mohanasowdesh/Desktop/Node JS Training/Exercise 7/services/taskServices/readTaskByID.service.js": {"path":"/Users/mohanasowdesh/Desktop/Node JS Training/Exercise 7/services/taskServices/readTaskByID.service.js","statementMap":{"0":{"start":{"line":1,"column":20},"end":{"line":1,"column":49}},"1":{"start":{"line":2,"column":19},"end":{"line":2,"column":54}},"2":{"start":{"line":3,"column":20},"end":{"line":3,"column":44}},"3":{"start":{"line":11,"column":21},"end":{"line":32,"column":1}},"4":{"start":{"line":12,"column":17},"end":{"line":12,"column":41}},"5":{"start":{"line":13,"column":4},"end":{"line":22,"column":5}},"6":{"start":{"line":15,"column":8},"end":{"line":15,"column":80}},"7":{"start":{"line":16,"column":8},"end":{"line":16,"column":50}},"8":{"start":{"line":17,"column":8},"end":{"line":17,"column":43}},"9":{"start":{"line":20,"column":8},"end":{"line":20,"column":114}},"10":{"start":{"line":21,"column":8},"end":{"line":21,"column":27}},"11":{"start":{"line":24,"column":4},"end":{"line":30,"column":5}},"12":{"start":{"line":24,"column":14},"end":{"line":24,"column":15}},"13":{"start":{"line":25,"column":8},"end":{"line":29,"column":9}},"14":{"start":{"line":26,"column":12},"end":{"line":26,"column":30}},"15":{"start":{"line":27,"column":12},"end":{"line":27,"column":39}},"16":{"start":{"line":28,"column":12},"end":{"line":28,"column":18}},"17":{"start":{"line":31,"column":4},"end":{"line":31,"column":18}},"18":{"start":{"line":34,"column":0},"end":{"line":34,"column":32}}},"fnMap":{"0":{"name":"(anonymous_0)","decl":{"start":{"line":11,"column":21},"end":{"line":11,"column":22}},"loc":{"start":{"line":11,"column":46},"end":{"line":32,"column":1}},"line":11}},"branchMap":{"0":{"loc":{"start":{"line":20,"column":27},"end":{"line":20,"column":44}},"type":"binary-expr","locations":[{"start":{"line":20,"column":27},"end":{"line":20,"column":37}},{"start":{"line":20,"column":41},"end":{"line":20,"column":44}}],"line":20},"1":{"loc":{"start":{"line":25,"column":8},"end":{"line":29,"column":9}},"type":"if","locations":[{"start":{"line":25,"column":8},"end":{"line":29,"column":9}},{"start":{},"end":{}}],"line":25}},"s":{"0":1,"1":1,"2":1,"3":1,"4":0,"5":0,"6":0,"7":0,"8":0,"9":0,"10":0,"11":0,"12":0,"13":0,"14":0,"15":0,"16":0,"17":0,"18":1},"f":{"0":0},"b":{"0":[0,0],"1":[0,0]},"_coverageSchema":"1a1c01bbd47fc00a2c39e90264f33305004495a9","hash":"db85cefd4bb7864356b3d9be29357e47cc64f5d8"}
,"/Users/mohanasowdesh/Desktop/Node JS Training/Exercise 7/services/userServices/login.service.js": {"path":"/Users/mohanasowdesh/Desktop/Node JS Training/Exercise 7/services/userServices/login.service.js","statementMap":{"0":{"start":{"line":1,"column":13},"end":{"line":1,"column":45}},"1":{"start":{"line":2,"column":15},"end":{"line":2,"column":32}},"2":{"start":{"line":11,"column":14},"end":{"line":27,"column":1}},"3":{"start":{"line":12,"column":16},"end":{"line":12,"column":25}},"4":{"start":{"line":12,"column":31},"end":{"line":12,"column":32}},"5":{"start":{"line":13,"column":4},"end":{"line":19,"column":5}},"6":{"start":{"line":14,"column":8},"end":{"line":18,"column":9}},"7":{"start":{"line":15,"column":12},"end":{"line":17,"column":13}},"8":{"start":{"line":16,"column":16},"end":{"line":16,"column":51}},"9":{"start":{"line":21,"column":4},"end":{"line":26,"column":5}},"10":{"start":{"line":22,"column":8},"end":{"line":22,"column":21}},"11":{"start":{"line":25,"column":8},"end":{"line":25,"column":18}},"12":{"start":{"line":29,"column":0},"end":{"line":29,"column":25}}},"fnMap":{"0":{"name":"(anonymous_0)","decl":{"start":{"line":11,"column":14},"end":{"line":11,"column":15}},"loc":{"start":{"line":11,"column":53},"end":{"line":27,"column":1}},"line":11}},"branchMap":{"0":{"loc":{"start":{"line":14,"column":8},"end":{"line":18,"column":9}},"type":"if","locations":[{"start":{"line":14,"column":8},"end":{"line":18,"column":9}},{"start":{},"end":{}}],"line":14},"1":{"loc":{"start":{"line":15,"column":12},"end":{"line":17,"column":13}},"type":"if","locations":[{"start":{"line":15,"column":12},"end":{"line":17,"column":13}},{"start":{},"end":{}}],"line":15},"2":{"loc":{"start":{"line":21,"column":4},"end":{"line":26,"column":5}},"type":"if","locations":[{"start":{"line":21,"column":4},"end":{"line":26,"column":5}},{"start":{"line":24,"column":9},"end":{"line":26,"column":5}}],"line":21}},"s":{"0":1,"1":1,"2":1,"3":0,"4":0,"5":0,"6":0,"7":0,"8":0,"9":0,"10":0,"11":0,"12":1},"f":{"0":0},"b":{"0":[0,0],"1":[0,0],"2":[0,0]},"_coverageSchema":"1a1c01bbd47fc00a2c39e90264f33305004495a9","hash":"2312508581ddeb8f88ec5c7eb013dfd1598a2383"}
,"/Users/mohanasowdesh/Desktop/Node JS Training/Exercise 7/services/userServices/register.service.js": {"path":"/Users/mohanasowdesh/Desktop/Node JS Training/Exercise 7/services/userServices/register.service.js","statementMap":{"0":{"start":{"line":1,"column":19},"end":{"line":1,"column":54}},"1":{"start":{"line":2,"column":22},"end":{"line":2,"column":39}},"2":{"start":{"line":3,"column":22},"end":{"line":3,"column":59}},"3":{"start":{"line":4,"column":22},"end":{"line":4,"column":51}},"4":{"start":{"line":5,"column":25},"end":{"line":5,"column":27}},"5":{"start":{"line":13,"column":17},"end":{"line":36,"column":1}},"6":{"start":{"line":14,"column":4},"end":{"line":22,"column":5}},"7":{"start":{"line":16,"column":8},"end":{"line":16,"column":68}},"8":{"start":{"line":17,"column":8},"end":{"line":17,"column":49}},"9":{"start":{"line":20,"column":8},"end":{"line":20,"column":65}},"10":{"start":{"line":21,"column":8},"end":{"line":21,"column":56}},"11":{"start":{"line":25,"column":4},"end":{"line":25,"column":39}},"12":{"start":{"line":27,"column":4},"end":{"line":34,"column":5}},"13":{"start":{"line":29,"column":8},"end":{"line":29,"column":55}},"14":{"start":{"line":32,"column":8},"end":{"line":32,"column":65}},"15":{"start":{"line":33,"column":8},"end":{"line":33,"column":56}},"16":{"start":{"line":35,"column":4},"end":{"line":35,"column":38}},"17":{"start":{"line":38,"column":0},"end":{"line":38,"column":28}}},"fnMap":{"0":{"name":"(anonymous_0)","decl":{"start":{"line":13,"column":17},"end":{"line":13,"column":18}},"loc":{"start":{"line":13,"column":41},"end":{"line":36,"column":1}},"line":13}},"branchMap":{"0":{"loc":{"start":{"line":20,"column":27},"end":{"line":20,"column":44}},"type":"binary-expr","locations":[{"start":{"line":20,"column":27},"end":{"line":20,"column":37}},{"start":{"line":20,"column":41},"end":{"line":20,"column":44}}],"line":20},"1":{"loc":{"start":{"line":32,"column":27},"end":{"line":32,"column":44}},"type":"binary-expr","locations":[{"start":{"line":32,"column":27},"end":{"line":32,"column":37}},{"start":{"line":32,"column":41},"end":{"line":32,"column":44}}],"line":32}},"s":{"0":1,"1":1,"2":1,"3":1,"4":1,"5":1,"6":1,"7":1,"8":1,"9":0,"10":0,"11":1,"12":1,"13":1,"14":0,"15":0,"16":1,"17":1},"f":{"0":1},"b":{"0":[0,0],"1":[0,0]},"_coverageSchema":"1a1c01bbd47fc00a2c39e90264f33305004495a9","hash":"ba727abb7c4130d4e229712526ef80786c0f1dc7"}
,"/Users/mohanasowdesh/Desktop/Node JS Training/Exercise 7/utils/logger.js": {"path":"/Users/mohanasowdesh/Desktop/Node JS Training/Exercise 7/utils/logger.js","statementMap":{"0":{"start":{"line":1,"column":45},"end":{"line":1,"column":63}},"1":{"start":{"line":2,"column":0},"end":{"line":2,"column":27}},"2":{"start":{"line":7,"column":18},"end":{"line":17,"column":6}},"3":{"start":{"line":15,"column":34},"end":{"line":15,"column":87}},"4":{"start":{"line":22,"column":19},"end":{"line":32,"column":6}},"5":{"start":{"line":30,"column":34},"end":{"line":30,"column":87}},"6":{"start":{"line":34,"column":4},"end":{"line":34,"column":47}}},"fnMap":{"0":{"name":"(anonymous_0)","decl":{"start":{"line":15,"column":26},"end":{"line":15,"column":27}},"loc":{"start":{"line":15,"column":34},"end":{"line":15,"column":87}},"line":15},"1":{"name":"(anonymous_1)","decl":{"start":{"line":30,"column":26},"end":{"line":30,"column":27}},"loc":{"start":{"line":30,"column":34},"end":{"line":30,"column":87}},"line":30}},"branchMap":{},"s":{"0":4,"1":4,"2":4,"3":0,"4":4,"5":0,"6":4},"f":{"0":0,"1":0},"b":{},"_coverageSchema":"1a1c01bbd47fc00a2c39e90264f33305004495a9","hash":"99f6f58b0f7633e35d7a27aaca3710fa8318244b"}
,"/Users/mohanasowdesh/Desktop/Node JS Training/Exercise 7/utils/responseObj.js": {"path":"/Users/mohanasowdesh/Desktop/Node JS Training/Exercise 7/utils/responseObj.js","statementMap":{"0":{"start":{"line":7,"column":23},"end":{"line":13,"column":1}},"1":{"start":{"line":8,"column":4},"end":{"line":12,"column":5}},"2":{"start":{"line":21,"column":21},"end":{"line":27,"column":1}},"3":{"start":{"line":22,"column":4},"end":{"line":26,"column":5}},"4":{"start":{"line":29,"column":0},"end":{"line":29,"column":49}}},"fnMap":{"0":{"name":"(anonymous_0)","decl":{"start":{"line":7,"column":23},"end":{"line":7,"column":24}},"loc":{"start":{"line":7,"column":33},"end":{"line":13,"column":1}},"line":7},"1":{"name":"(anonymous_1)","decl":{"start":{"line":21,"column":21},"end":{"line":21,"column":22}},"loc":{"start":{"line":21,"column":36},"end":{"line":27,"column":1}},"line":21}},"branchMap":{},"s":{"0":1,"1":0,"2":1,"3":0,"4":1},"f":{"0":0,"1":0},"b":{},"_coverageSchema":"1a1c01bbd47fc00a2c39e90264f33305004495a9","hash":"6c707be989f81065d68b31ab1b6fd002cecd12cf"}
}
