{"/Users/mohanasowdesh/Desktop/Node JS Training/Exercise 7/helpers/constants.js": {"path":"/Users/mohanasowdesh/Desktop/Node JS Training/Exercise 7/helpers/constants.js","statementMap":{"0":{"start":{"line":1,"column":21},"end":{"line":7,"column":1}},"1":{"start":{"line":9,"column":17},"end":{"line":15,"column":1}},"2":{"start":{"line":17,"column":34},"end":{"line":17,"column":57}},"3":{"start":{"line":19,"column":14},"end":{"line":21,"column":1}},"4":{"start":{"line":23,"column":26},"end":{"line":23,"column":62}},"5":{"start":{"line":25,"column":20},"end":{"line":28,"column":1}},"6":{"start":{"line":30,"column":23},"end":{"line":33,"column":1}},"7":{"start":{"line":35,"column":23},"end":{"line":37,"column":1}},"8":{"start":{"line":39,"column":24},"end":{"line":42,"column":1}},"9":{"start":{"line":44,"column":20},"end":{"line":47,"column":1}},"10":{"start":{"line":49,"column":20},"end":{"line":53,"column":1}},"11":{"start":{"line":55,"column":20},"end":{"line":58,"column":1}},"12":{"start":{"line":60,"column":19},"end":{"line":62,"column":1}},"13":{"start":{"line":64,"column":18},"end":{"line":66,"column":1}},"14":{"start":{"line":68,"column":0},"end":{"line":70,"column":41}}},"fnMap":{},"branchMap":{},"s":{"0":4,"1":4,"2":4,"3":4,"4":4,"5":4,"6":4,"7":4,"8":4,"9":4,"10":4,"11":4,"12":4,"13":4,"14":4},"f":{},"b":{},"_coverageSchema":"1a1c01bbd47fc00a2c39e90264f33305004495a9","hash":"7599859f3cb80820e100e089bbc0ed2f7215abec"}
,"/Users/mohanasowdesh/Desktop/Node JS Training/Exercise 7/helpers/fileAccess.js": {"path":"/Users/mohanasowdesh/Desktop/Node JS Training/Exercise 7/helpers/fileAccess.js","statementMap":{"0":{"start":{"line":2,"column":9},"end":{"line":2,"column":22}},"1":{"start":{"line":5,"column":19},"end":{"line":9,"column":1}},"2":{"start":{"line":6,"column":4},"end":{"line":6,"column":26}},"3":{"start":{"line":7,"column":19},"end":{"line":7,"column":52}},"4":{"start":{"line":8,"column":4},"end":{"line":8,"column":20}},"5":{"start":{"line":12,"column":18},"end":{"line":16,"column":1}},"6":{"start":{"line":13,"column":4},"end":{"line":13,"column":26}},"7":{"start":{"line":14,"column":4},"end":{"line":14,"column":56}},"8":{"start":{"line":15,"column":4},"end":{"line":15,"column":11}},"9":{"start":{"line":18,"column":0},"end":{"line":18,"column":44}}},"fnMap":{"0":{"name":"(anonymous_0)","decl":{"start":{"line":5,"column":19},"end":{"line":5,"column":20}},"loc":{"start":{"line":5,"column":33},"end":{"line":9,"column":1}},"line":5},"1":{"name":"(anonymous_1)","decl":{"start":{"line":12,"column":18},"end":{"line":12,"column":19}},"loc":{"start":{"line":12,"column":41},"end":{"line":16,"column":1}},"line":12}},"branchMap":{},"s":{"0":4,"1":4,"2":0,"3":0,"4":0,"5":4,"6":0,"7":0,"8":0,"9":4},"f":{"0":0,"1":0},"b":{},"_coverageSchema":"1a1c01bbd47fc00a2c39e90264f33305004495a9","hash":"29089819c12b8941f9294b4a5fa405a07ae40ec4"}
}
